Message: Index -1 out of bounds for length 0

 java.lang.IndexOutOfBoundsException: Index -1 out of bounds for length 0
	at java.base/jdk.internal.util.Preconditions.outOfBounds(Preconditions.java:64)
	at java.base/jdk.internal.util.Preconditions.outOfBoundsCheckIndex(Preconditions.java:70)
	at java.base/jdk.internal.util.Preconditions.checkIndex(Preconditions.java:266)
	at java.base/java.util.Objects.checkIndex(Objects.java:361)
	at java.base/java.util.ArrayList.get(ArrayList.java:427)
	at screens.gamelistscreen.GameListScreenKt.GameListScreen(GameListScreen.kt:76)
	at screens.gamelistscreen.GameListScreenKt.GameListScreen$lambda$2(GameListScreen.kt)
	at androidx.compose.runtime.RecomposeScopeImpl.compose(RecomposeScopeImpl.kt:192)
	at androidx.compose.runtime.ComposerImpl.recomposeToGroupEnd(Composer.kt:2557)
	at androidx.compose.runtime.ComposerImpl.skipCurrentGroup(Composer.kt:2828)
	at androidx.compose.runtime.ComposerImpl.doCompose(Composer.kt:3315)
	at androidx.compose.runtime.ComposerImpl.recompose$runtime(Composer.kt:3266)
	at androidx.compose.runtime.CompositionImpl.recompose(Composition.kt:940)
	at androidx.compose.runtime.Recomposer.performRecompose(Recomposer.kt:1155)
	at androidx.compose.runtime.Recomposer.access$performRecompose(Recomposer.kt:127)
	at androidx.compose.runtime.Recomposer$runRecomposeAndApplyChanges$2$1.invoke(Recomposer.kt:583)
	at androidx.compose.runtime.Recomposer$runRecomposeAndApplyChanges$2$1.invoke(Recomposer.kt:551)
	at androidx.compose.runtime.BroadcastFrameClock$FrameAwaiter.resume(BroadcastFrameClock.kt:42)
	at androidx.compose.runtime.BroadcastFrameClock.sendFrame(BroadcastFrameClock.kt:71)
	at androidx.compose.ui.scene.BaseComposeScene.render(BaseComposeScene.skiko.kt:160)
	at androidx.compose.ui.scene.ComposeSceneMediator.onRender(ComposeSceneMediator.desktop.kt:537)
	at org.jetbrains.skiko.SkiaLayer.update$skiko(SkiaLayer.awt.kt:485)
	at org.jetbrains.skiko.redrawer.AWTRedrawer.update(AWTRedrawer.kt:54)
	at org.jetbrains.skiko.redrawer.Direct3DRedrawer.redrawImmediately(Direct3DRedrawer.kt:74)
	at org.jetbrains.skiko.SkiaLayer.paint(SkiaLayer.awt.kt:325)
	at androidx.compose.ui.scene.skia.WindowSkiaLayerComponent$contentComponent$1.paint(WindowSkiaLayerComponent.desktop.kt:54)
	at java.desktop/javax.swing.JComponent.paintChildren(JComponent.java:952)
	at java.desktop/javax.swing.JComponent.paint(JComponent.java:1128)
	at java.desktop/javax.swing.JLayeredPane.paint(JLayeredPane.java:586)
	at java.desktop/javax.swing.JComponent.paintChildren(JComponent.java:952)
	at java.desktop/javax.swing.JComponent.paint(JComponent.java:1128)
	at java.desktop/javax.swing.JComponent.paintChildren(JComponent.java:952)
	at java.desktop/javax.swing.JComponent.paint(JComponent.java:1128)
	at java.desktop/javax.swing.JLayeredPane.paint(JLayeredPane.java:586)
	at java.desktop/javax.swing.JComponent.paintChildren(JComponent.java:952)
	at java.desktop/javax.swing.JComponent.paintToOffscreen(JComponent.java:5318)
	at java.desktop/javax.swing.RepaintManager$PaintManager.paintDoubleBufferedImpl(RepaintManager.java:1657)
	at java.desktop/javax.swing.RepaintManager$PaintManager.paintDoubleBuffered(RepaintManager.java:1632)
	at java.desktop/javax.swing.RepaintManager$PaintManager.paint(RepaintManager.java:1570)
	at java.desktop/javax.swing.RepaintManager.paint(RepaintManager.java:1337)
	at java.desktop/javax.swing.JComponent.paint(JComponent.java:1105)
	at java.desktop/java.awt.GraphicsCallback$PaintCallback.run(GraphicsCallback.java:39)
	at java.desktop/sun.awt.SunGraphicsCallback.runOneComponent(SunGraphicsCallback.java:75)
	at java.desktop/sun.awt.SunGraphicsCallback.runComponents(SunGraphicsCallback.java:112)
	at java.desktop/java.awt.Container.paint(Container.java:2005)
	at java.desktop/java.awt.Window.paint(Window.java:3959)
	at java.desktop/javax.swing.RepaintManager$4.run(RepaintManager.java:890)
	at java.desktop/javax.swing.RepaintManager$4.run(RepaintManager.java:862)
	at java.base/java.security.AccessController.doPrivileged(AccessController.java:399)
	at java.base/java.security.ProtectionDomain$JavaSecurityAccessImpl.doIntersectionPrivilege(ProtectionDomain.java:86)
	at java.desktop/javax.swing.RepaintManager.paintDirtyRegions(RepaintManager.java:862)
	at java.desktop/javax.swing.RepaintManager.paintDirtyRegions(RepaintManager.java:835)
	at java.desktop/javax.swing.RepaintManager.prePaintDirtyRegions(RepaintManager.java:784)
	at java.desktop/javax.swing.RepaintManager$ProcessingRunnable.run(RepaintManager.java:1898)
	at java.desktop/java.awt.event.InvocationEvent.dispatch(InvocationEvent.java:318)
	at java.desktop/java.awt.EventQueue.dispatchEventImpl(EventQueue.java:773)
	at java.desktop/java.awt.EventQueue$4.run(EventQueue.java:720)
	at java.desktop/java.awt.EventQueue$4.run(EventQueue.java:714)
	at java.base/java.security.AccessController.doPrivileged(AccessController.java:399)
	at java.base/java.security.ProtectionDomain$JavaSecurityAccessImpl.doIntersectionPrivilege(ProtectionDomain.java:86)
	at java.desktop/java.awt.EventQueue.dispatchEvent(EventQueue.java:742)
	at java.desktop/java.awt.EventDispatchThread.pumpOneEventForFilters(EventDispatchThread.java:203)
	at java.desktop/java.awt.EventDispatchThread.pumpEventsForFilter(EventDispatchThread.java:124)
	at java.desktop/java.awt.EventDispatchThread.pumpEventsForHierarchy(EventDispatchThread.java:113)
	at java.desktop/java.awt.EventDispatchThread.pumpEvents(EventDispatchThread.java:109)
	at java.desktop/java.awt.EventDispatchThread.pumpEvents(EventDispatchThread.java:101)
	at java.desktop/java.awt.EventDispatchThread.run(EventDispatchThread.java:90)
	Suppressed: kotlinx.coroutines.internal.DiagnosticCoroutineContextException: [androidx.compose.ui.scene.ComposeContainer$DesktopCoroutineExceptionHandler@2fe480b2, androidx.compose.runtime.BroadcastFrameClock@640c8d34, StandaloneCoroutine{Cancelling}@6ecfa500, FlushCoroutineDispatcher@284a7558]
